2013-03-23 22:09:16 Warning: Warning (512): <span style="color:Red;text-align:left"><b>SQL Error:</b> 1064: You have an error in your SQL syntax; check the manual that corresponds to your MySQL server version for the right syntax to use near 'getPlayers' at line 1</span> in [/Users/tbt/Sites/tag.local/cake/libs/model/datasources/dbo_source.php, line 684]
2013-03-23 22:14:22 Warning: Warning (2): array_merge() [http://php.net/function.array-merge]: Argument #3 is not an array in [/Users/tbt/Sites/tag.local/cake/libs/view/helpers/form.php, line 723]
2013-03-23 22:14:51 Warning: Warning (2): array_merge() [http://php.net/function.array-merge]: Argument #3 is not an array in [/Users/tbt/Sites/tag.local/cake/libs/view/helpers/form.php, line 723]
2013-03-23 22:16:51 Warning: Warning (2): array_merge() [http://php.net/function.array-merge]: Argument #3 is not an array in [/Users/tbt/Sites/tag.local/cake/libs/view/helpers/form.php, line 723]
2013-03-23 22:23:43 Warning: Warning (512): <span style="color:Red;text-align:left"><b>SQL Error:</b> 1054: Unknown column 'last' in 'where clause'</span> in [/Users/tbt/Sites/tag.local/cake/libs/model/datasources/dbo_source.php, line 684]
2013-03-24 09:35:34 Warning: Warning (512): <span style="color:Red;text-align:left"><b>SQL Error:</b> 1054: Unknown column 'MainImage.class' in 'on clause'</span> in [/Users/tbt/Sites/tag.local/cake/libs/model/datasources/dbo_source.php, line 684]
2013-03-24 09:35:34 Warning: Warning (2): Invalid argument supplied for foreach() in [/Users/tbt/Sites/tag.local/app/views/players/admin_index.ctp, line 14]
2013-03-24 09:43:39 Warning: Warning (2): getimagesize(t) [http://php.net/function.getimagesize]: failed to open stream: No such file or directory in [/Users/tbt/Sites/tag.local/app/models/behaviors/meio_upload.php, line 551]
2013-03-24 09:43:39 Warning: Warning (2): Cannot modify header information - headers already sent by (output started at /Users/tbt/Sites/tag.local/cake/libs/debugger.php:686) in [/Users/tbt/Sites/tag.local/cake/libs/controller/controller.php, line 742]
2013-03-24 09:44:32 Warning: Warning (2): getimagesize(t) [http://php.net/function.getimagesize]: failed to open stream: No such file or directory in [/Users/tbt/Sites/tag.local/app/models/behaviors/meio_upload.php, line 551]
2013-03-24 09:44:32 Warning: Warning (2): Cannot modify header information - headers already sent by (output started at /Users/tbt/Sites/tag.local/cake/libs/debugger.php:686) in [/Users/tbt/Sites/tag.local/cake/libs/controller/controller.php, line 742]
2013-03-24 09:48:28 Warning: Warning (2): getimagesize(t) [http://php.net/function.getimagesize]: failed to open stream: No such file or directory in [/Users/tbt/Sites/tag.local/app/models/behaviors/meio_upload.php, line 551]
2013-03-24 09:48:28 Warning: Warning (2): Cannot modify header information - headers already sent by (output started at /Users/tbt/Sites/tag.local/cake/libs/debugger.php:686) in [/Users/tbt/Sites/tag.local/cake/libs/controller/controller.php, line 742]
2013-03-24 09:54:28 Warning: Warning (2): getimagesize(t) [http://php.net/function.getimagesize]: failed to open stream: No such file or directory in [/Users/tbt/Sites/tag.local/app/models/behaviors/meio_upload.php, line 551]
2013-03-24 09:54:28 Warning: Warning (2): Cannot modify header information - headers already sent by (output started at /Users/tbt/Sites/tag.local/cake/libs/debugger.php:686) in [/Users/tbt/Sites/tag.local/cake/libs/controller/controller.php, line 742]
2013-03-24 18:10:34 Warning: Warning (2): mysql_connect() [http://php.net/function.mysql-connect]: [2002] Connection refused (trying to connect via tcp://127.0.0.1:3306) in [/Users/tbt/Sites/tag.local/cake/libs/model/datasources/dbo/dbo_mysql.php, line 561]
2013-03-24 18:10:34 Warning: Warning (2): mysql_connect() [http://php.net/function.mysql-connect]: Connection refused in [/Users/tbt/Sites/tag.local/cake/libs/model/datasources/dbo/dbo_mysql.php, line 561]
2013-03-24 18:10:34 Warning: Warning (2): mysql_query() expects parameter 2 to be resource, boolean given in [/Users/tbt/Sites/tag.local/cake/libs/model/datasources/dbo/dbo_mysql.php, line 613]
2013-03-24 18:10:34 Warning: Warning (2): Cannot modify header information - headers already sent by (output started at /Users/tbt/Sites/tag.local/cake/libs/debugger.php:686) in [/Users/tbt/Sites/tag.local/cake/libs/controller/controller.php, line 742]
2013-03-26 21:21:36 Warning: Warning (512): <span style="color:Red;text-align:left"><b>SQL Error:</b> 1054: Unknown column 'MugShot.assettype' in 'on clause'</span> in [/Users/tbt/Sites/tag.local/cake/libs/model/datasources/dbo_source.php, line 684]
2013-03-26 21:21:36 Warning: Warning (2): Invalid argument supplied for foreach() in [/Users/tbt/Sites/tag.local/app/views/players/admin_index.ctp, line 14]
2013-03-26 21:23:22 Warning: Warning (512): <span style="color:Red;text-align:left"><b>SQL Error:</b> 1054: Unknown column 'MugShot.assettype' in 'on clause'</span> in [/Users/tbt/Sites/tag.local/cake/libs/model/datasources/dbo_source.php, line 684]
2013-03-26 21:23:22 Warning: Warning (2): Invalid argument supplied for foreach() in [/Users/tbt/Sites/tag.local/app/views/players/admin_index.ctp, line 14]
2013-03-26 21:30:25 Warning: Warning (512): <span style="color:Red;text-align:left"><b>SQL Error:</b> 1054: Unknown column 'MugShot.assettype' in 'on clause'</span> in [/Users/tbt/Sites/tag.local/cake/libs/model/datasources/dbo_source.php, line 684]
2013-03-26 21:30:25 Warning: Warning (2): Invalid argument supplied for foreach() in [/Users/tbt/Sites/tag.local/app/views/players/admin_index.ctp, line 14]
2013-03-26 22:45:31 Warning: Warning (2): Division by zero in [/Users/tbt/Sites/tag.local/app/controllers/pages_controller.php, line 103]
2013-03-26 22:45:31 Warning: Warning (2): Division by zero in [/Users/tbt/Sites/tag.local/app/controllers/pages_controller.php, line 107]
2013-03-26 22:46:29 Warning: Warning (2): Division by zero in [/Users/tbt/Sites/tag.local/app/controllers/pages_controller.php, line 107]
2013-03-26 23:38:11 Warning: Warning (2): mysql_connect() [<a href='http://php.net/function.mysql-connect'>function.mysql-connect</a>]: Access denied for user 'dbo459219842'@'74.208.16.254' (using password: NO) in [/homepages/17/d278810503/htdocs/tagyoureit/cake/libs/model/datasources/dbo/dbo_mysql.php, line 561]
2013-03-26 23:38:11 Warning: Warning (2): mysql_query(): supplied argument is not a valid MySQL-Link resource in [/homepages/17/d278810503/htdocs/tagyoureit/cake/libs/model/datasources/dbo/dbo_mysql.php, line 613]
2013-03-26 23:38:11 Warning: Warning (2): Cannot modify header information - headers already sent by (output started at /homepages/17/d278810503/htdocs/tagyoureit/cake/libs/debugger.php:686) in [/homepages/17/d278810503/htdocs/tagyoureit/cake/libs/controller/controller.php, line 742]
2013-03-26 23:39:30 Warning: Warning (2): mysql_connect() [<a href='http://php.net/function.mysql-connect'>function.mysql-connect</a>]: Access denied for user 'dbo459219842'@'74.208.16.254' (using password: YES) in [/homepages/17/d278810503/htdocs/tagyoureit/cake/libs/model/datasources/dbo/dbo_mysql.php, line 561]
2013-03-26 23:39:30 Warning: Warning (2): mysql_query(): supplied argument is not a valid MySQL-Link resource in [/homepages/17/d278810503/htdocs/tagyoureit/cake/libs/model/datasources/dbo/dbo_mysql.php, line 613]
2013-03-26 23:39:30 Warning: Warning (2): Cannot modify header information - headers already sent by (output started at /homepages/17/d278810503/htdocs/tagyoureit/cake/libs/debugger.php:686) in [/homepages/17/d278810503/htdocs/tagyoureit/cake/libs/controller/controller.php, line 742]
2013-03-26 23:40:10 Warning: Warning (2): mysql_connect() [<a href='http://php.net/function.mysql-connect'>function.mysql-connect</a>]: Access denied for user 'dbo459219842'@'74.208.16.254' (using password: YES) in [/homepages/17/d278810503/htdocs/tagyoureit/cake/libs/model/datasources/dbo/dbo_mysql.php, line 561]
2013-03-26 23:40:10 Warning: Warning (2): mysql_query(): supplied argument is not a valid MySQL-Link resource in [/homepages/17/d278810503/htdocs/tagyoureit/cake/libs/model/datasources/dbo/dbo_mysql.php, line 613]
2013-03-26 23:40:10 Warning: Warning (2): Cannot modify header information - headers already sent by (output started at /homepages/17/d278810503/htdocs/tagyoureit/cake/libs/debugger.php:686) in [/homepages/17/d278810503/htdocs/tagyoureit/cake/libs/controller/controller.php, line 742]
2013-03-26 23:40:11 Warning: Warning (2): mysql_connect() [<a href='http://php.net/function.mysql-connect'>function.mysql-connect</a>]: Access denied for user 'dbo459219842'@'74.208.16.254' (using password: YES) in [/homepages/17/d278810503/htdocs/tagyoureit/cake/libs/model/datasources/dbo/dbo_mysql.php, line 561]
2013-03-26 23:40:11 Warning: Warning (2): mysql_query(): supplied argument is not a valid MySQL-Link resource in [/homepages/17/d278810503/htdocs/tagyoureit/cake/libs/model/datasources/dbo/dbo_mysql.php, line 613]
2013-03-26 23:40:11 Warning: Warning (2): Cannot modify header information - headers already sent by (output started at /homepages/17/d278810503/htdocs/tagyoureit/cake/libs/debugger.php:686) in [/homepages/17/d278810503/htdocs/tagyoureit/cake/libs/controller/controller.php, line 742]
2013-03-26 23:40:13 Warning: Warning (2): mysql_connect() [<a href='http://php.net/function.mysql-connect'>function.mysql-connect</a>]: Access denied for user 'dbo459219842'@'74.208.16.254' (using password: YES) in [/homepages/17/d278810503/htdocs/tagyoureit/cake/libs/model/datasources/dbo/dbo_mysql.php, line 561]
2013-03-26 23:40:13 Warning: Warning (2): mysql_query(): supplied argument is not a valid MySQL-Link resource in [/homepages/17/d278810503/htdocs/tagyoureit/cake/libs/model/datasources/dbo/dbo_mysql.php, line 613]
2013-03-26 23:40:13 Warning: Warning (2): Cannot modify header information - headers already sent by (output started at /homepages/17/d278810503/htdocs/tagyoureit/cake/libs/debugger.php:686) in [/homepages/17/d278810503/htdocs/tagyoureit/cake/libs/controller/controller.php, line 742]
2013-03-27 22:00:15 Warning: Warning (2): Cannot modify header information - headers already sent by (output started at /homepages/17/d278810503/htdocs/tagyoureit/app/models/tag.php:80) in [/homepages/17/d278810503/htdocs/tagyoureit/cake/libs/controller/controller.php, line 742]
2013-03-28 16:26:32 Warning: Warning (2): Cannot modify header information - headers already sent by (output started at /homepages/17/d278810503/htdocs/tagyoureit/app/models/tag.php:79) in [/homepages/17/d278810503/htdocs/tagyoureit/cake/libs/controller/controller.php, line 742]
2013-03-30 09:49:02 Warning: Warning (2): Cannot modify header information - headers already sent by (output started at /homepages/17/d278810503/htdocs/tagyoureit/app/models/tag.php:79) in [/homepages/17/d278810503/htdocs/tagyoureit/cake/libs/controller/controller.php, line 742]
2013-03-30 15:06:41 Warning: Warning (2): Cannot modify header information - headers already sent by (output started at /homepages/17/d278810503/htdocs/tagyoureit/app/models/tag.php:79) in [/homepages/17/d278810503/htdocs/tagyoureit/cake/libs/controller/controller.php, line 742]
2013-03-31 09:24:04 Warning: Warning (2): Cannot modify header information - headers already sent by (output started at /homepages/17/d278810503/htdocs/tagyoureit/app/models/tag.php:79) in [/homepages/17/d278810503/htdocs/tagyoureit/cake/libs/controller/controller.php, line 742]
2014-03-03 10:18:47 Warning: Warning (2): Cannot modify header information - headers already sent by (output started at /homepages/17/d278810503/htdocs/tagyoureit/app/models/tag.php:77) in [/homepages/17/d278810503/htdocs/tagyoureit/cake/libs/controller/controller.php, line 742]
2014-03-03 11:34:23 Warning: Warning (2): Cannot modify header information - headers already sent by (output started at /homepages/17/d278810503/htdocs/tagyoureit/app/models/tag.php:64) in [/homepages/17/d278810503/htdocs/tagyoureit/cake/libs/controller/controller.php, line 742]
2014-03-03 11:34:44 Warning: Warning (2): Cannot modify header information - headers already sent by (output started at /homepages/17/d278810503/htdocs/tagyoureit/app/models/tag.php:64) in [/homepages/17/d278810503/htdocs/tagyoureit/cake/libs/controller/controller.php, line 742]
2014-03-03 11:36:46 Warning: Warning (2): Cannot modify header information - headers already sent by (output started at /homepages/17/d278810503/htdocs/tagyoureit/app/models/tag.php:66) in [/homepages/17/d278810503/htdocs/tagyoureit/cake/libs/controller/controller.php, line 742]
2014-03-03 11:39:39 Warning: Warning (2): Cannot modify header information - headers already sent by (output started at /homepages/17/d278810503/htdocs/tagyoureit/app/models/tag.php:78) in [/homepages/17/d278810503/htdocs/tagyoureit/cake/libs/controller/controller.php, line 742]
2014-03-06 18:50:30 Warning: Warning (2): Cannot modify header information - headers already sent by (output started at /homepages/17/d278810503/htdocs/tagyoureit/app/models/tag.php:126) in [/homepages/17/d278810503/htdocs/tagyoureit/cake/libs/controller/controller.php, line 742]
2014-03-09 15:32:37 Warning: Warning (2): Cannot modify header information - headers already sent by (output started at /homepages/17/d278810503/htdocs/tagyoureit/app/models/tag.php:126) in [/homepages/17/d278810503/htdocs/tagyoureit/cake/libs/controller/controller.php, line 742]
2014-03-14 20:36:01 Warning: Warning (2): Cannot modify header information - headers already sent by (output started at /homepages/17/d278810503/htdocs/tagyoureit/app/models/tag.php:126) in [/homepages/17/d278810503/htdocs/tagyoureit/cake/libs/controller/controller.php, line 742]
